<?xml version="1.0" encoding="UTF-8"?>
<!-- Generated by org.testng.reporters.JUnitReportReporter -->
<testsuite hostname="AA-PC" name="framework_testng.Groups.TestSuite1" tests="2" failures="0" timestamp="12 Jun 2019 04:54:43 GMT" time="0.015" errors="0">
  <testcase name="tc002" time="0.000" classname="framework_testng.Groups.TestSuite1"/>
  <testcase name="tc001" time="0.015" classname="framework_testng.Groups.TestSuite1"/>
</testsuite> <!-- framework_testng.Groups.TestSuite1 -->
