<?xml version="1.0" encoding="UTF-8"?>
<!-- Generated by org.testng.reporters.JUnitReportReporter -->
<testsuite hostname="AA-PC" name="framework_testng.Method_Ignore" tests="1" failures="0" timestamp="12 Jun 2019 04:15:25 GMT" time="0.015" errors="0">
  <testcase name="tc001" time="0.015" classname="framework_testng.Method_Ignore"/>
</testsuite> <!-- framework_testng.Method_Ignore -->
