<?xml version="1.0" encoding="UTF-8"?>
<!-- Generated by org.testng.reporters.JUnitReportReporter -->
<testsuite hostname="AA-PC" name="framework_testng.Groups.TestSuite2" tests="2" failures="0" timestamp="12 Jun 2019 04:54:43 GMT" time="0.016" errors="0">
  <testcase name="tc006" time="0.000" classname="framework_testng.Groups.TestSuite2"/>
  <testcase name="tc005" time="0.016" classname="framework_testng.Groups.TestSuite2"/>
</testsuite> <!-- framework_testng.Groups.TestSuite2 -->
