<?xml version="1.0" encoding="UTF-8"?>
<!-- Generated by org.testng.reporters.JUnitReportReporter -->
<testsuite hostname="AA-PC" name="framework_testng.BeforeMethod_And_AfterMethod" tests="3" failures="0" timestamp="11 Jun 2019 04:50:42 GMT" time="0.000" errors="0">
  <testcase name="tcoo1" time="0.000" classname="framework_testng.BeforeMethod_And_AfterMethod"/>
  <testcase name="tcoo2" time="0.000" classname="framework_testng.BeforeMethod_And_AfterMethod"/>
  <testcase name="tcoo3" time="0.000" classname="framework_testng.BeforeMethod_And_AfterMethod"/>
</testsuite> <!-- framework_testng.BeforeMethod_And_AfterMethod -->
