<?xml version="1.0" encoding="UTF-8"?>
<!-- Generated by org.testng.reporters.JUnitReportReporter -->
<testsuite hostname="AA-PC" name="framework_testng.pageobjects.Run_PageFactory_using_Testng" tests="1" failures="0" timestamp="13 Jun 2019 05:16:26 GMT" time="0.894" errors="0">
  <testcase name="Create_Account" time="0.894" classname="framework_testng.pageobjects.Run_PageFactory_using_Testng"/>
</testsuite> <!-- framework_testng.pageobjects.Run_PageFactory_using_Testng -->
