<?xml version="1.0" encoding="UTF-8"?>
<!-- Generated by org.testng.reporters.JUnitReportReporter -->
<testsuite hostname="AA-PC" name="framework_testng.TestNg_WithExtentReports" tests="2" failures="0" timestamp="12 Jun 2019 05:17:56 GMT" time="0.670" errors="0">
  <testcase name="tc001_VerifyHomepage" time="0.017" classname="framework_testng.TestNg_WithExtentReports"/>
  <testcase name="tc002_Verify_Downloadpage" time="0.653" classname="framework_testng.TestNg_WithExtentReports"/>
</testsuite> <!-- framework_testng.TestNg_WithExtentReports -->
