<?xml version="1.0" encoding="UTF-8"?>
<!-- Generated by org.testng.reporters.JUnitReportReporter -->
<testsuite hostname="AA-PC" name="framework_testng.DP.InputData" tests="3" failures="0" timestamp="14 Jun 2019 05:15:33 GMT" time="0.015" errors="0">
  <testcase name="browser_info" time="0.000" classname="framework_testng.DP.InputData"/>
  <testcase name="browser_info" time="0.015" classname="framework_testng.DP.InputData"/>
  <testcase name="browser_info" time="0.000" classname="framework_testng.DP.InputData"/>
</testsuite> <!-- framework_testng.DP.InputData -->
